<?xml version="1.0" encoding="UTF-8"?>
<!-- Generated by org.testng.reporters.JUnitXMLReporter -->
<testsuite ignored="0" hostname="Nandagopaals-MacBook-Air.local" failures="0" tests="1" name="Test-Runner-Safari" time="16.591" errors="0" timestamp="2024-10-30T19:35:02 IST">
  <testcase classname="products.RemoveProductTest" name="Sample" time="0.135"/>
</testsuite> <!-- Test-Runner-Safari -->
