<?xml version="1.0" encoding="UTF-8"?>
<!-- Generated by org.testng.reporters.JUnitXMLReporter -->
<testsuite ignored="0" hostname="Nandagopaals-MacBook-Air.local" failures="0" tests="1" name="Test-Runner-1" time="27.752" errors="0" timestamp="2024-10-29T20:18:28 IST">
  <testcase classname="products.RemoveProductTest" name="Sample" time="0.029"/>
</testsuite> <!-- Test-Runner-1 -->
