<?xml version="1.0" encoding="UTF-8"?>
<!-- Generated by org.testng.reporters.JUnitXMLReporter -->
<testsuite ignored="0" hostname="Nandagopaals-MacBook-Air.local" failures="0" tests="1" name="Test-Runner-2" time="32.506" errors="0" timestamp="2024-10-29T20:18:33 IST">
  <testcase classname="products.AddProductToCartTest" name="tc_001_AddSingleProductToCartTest" time="4.796"/>
</testsuite> <!-- Test-Runner-2 -->
