<?xml version="1.0" encoding="UTF-8"?>
<!-- Generated by org.testng.reporters.JUnitReportReporter -->
<testsuite hostname="Nandagopaals-MacBook-Air.local" failures="0" tests="3" name="practice.TestNGPractice" time="0.036" errors="0" timestamp="2024-10-24T19:56:48 IST" skipped="0">
  <testcase classname="practice.TestNGPractice" name="sampleTest" time="0.031"/>
  <system-out/>
  <testcase classname="practice.TestNGPractice" name="sampleTest" time="0.003"/>
  <system-out/>
  <testcase classname="practice.TestNGPractice" name="samleTest1" time="0.002"/>
  <system-out/>
</testsuite> <!-- practice.TestNGPractice -->
