<?xml version="1.0" encoding="UTF-8"?>
<!-- Generated by org.testng.reporters.JUnitReportReporter -->
<testsuite hostname="Nandagopaals-MacBook-Air.local" failures="0" tests="1" name="products.RemoveProductTest" time="1.805" errors="0" timestamp="2024-11-06T20:59:35 IST" skipped="0">
  <testcase classname="products.RemoveProductTest" name="Sample" time="1.805"/>
  <system-out/>
</testsuite> <!-- products.RemoveProductTest -->
